<component name="libraryTable">
  <library name="junit3.8.1src">
    <CLASSES>
      <root url="jar://$USER_HOME$/Desktop/junit3.8.1src.zip!/" />
    </CLASSES>
    <JAVADOC />
    <SOURCES>
      <root url="jar://$USER_HOME$/Desktop/junit3.8.1src.zip!/" />
    </SOURCES>
  </library>
</component>